{
  "stats": {
    "suites": 1,
    "tests": 2,
    "passes": 2,
    "pending": 0,
    "failures": 0,
    "start": "2025-09-04T00:10:36.138Z",
    "end": "2025-09-04T00:10:41.255Z",
    "duration": 5117,
    "testsRegistered": 2,
    "passPercent": 100,
    "pendingPercent": 0,
    "other": 0,
    "hasOther": false,
    "skipped": 0,
    "hasSkipped": false
  },
  "results": [
    {
      "uuid": "e4c2bb6f-6680-4923-9874-0365b7538172",
      "title": "",
      "fullFile": "cypress/e2e/carrito.cy.js",
      "file": "cypress/e2e/carrito.cy.js",
      "beforeHooks": [],
      "afterHooks": [],
      "tests": [],
      "suites": [
        {
          "uuid": "8e6bca24-eba4-4926-8c55-068ef867b334",
          "title": "Flujo de compra en Saucedemo",
          "fullFile": "",
          "file": "",
          "beforeHooks": [],
          "afterHooks": [],
          "tests": [
            {
              "title": "Debería agregar un producto al carrito y verificar que se muestra el conteo correcto",
              "fullTitle": "Flujo de compra en Saucedemo Debería agregar un producto al carrito y verificar que se muestra el conteo correcto",
              "timedOut": null,
              "duration": 1880,
              "state": "passed",
              "speed": "fast",
              "pass": true,
              "fail": false,
              "pending": false,
              "context": null,
              "code": "const productName = 'sauce-labs-backpack';\n_InventoryPage.default.addProductToCart(productName);\n// 2. Verifica el conteo del ícono del carrito.\n// El ícono debe mostrar un \"1\" para indicar un producto.\n_InventoryPage.default.getShoppingCartBadge().should('have.text', '1');\n// 3. Haz clic en el ícono del carrito para ir a la página de checkout.\n_InventoryPage.default.getShoppingCartLink().click();\n// 4. Verifica que la página del carrito se cargó correctamente.\n// El título de la página debe ser \"Your Cart\".\n_CartPage.default.getCartTitle().should('have.text', 'Your Cart');\n// 5. Verifica que el producto que agregaste está en la lista.\n// El nombre del producto debe estar visible.\n_CartPage.default.getCartItem().should('contain.text', 'Sauce Labs Backpack');",
              "err": {},
              "uuid": "df40d0b3-5f08-45de-a4be-6f5ceb5816e8",
              "parentUUID": "8e6bca24-eba4-4926-8c55-068ef867b334",
              "isHook": false,
              "skipped": false
            },
            {
              "title": "Debería eliminar un producto del carrito y verificar que el carrito esta vacío",
              "fullTitle": "Flujo de compra en Saucedemo Debería eliminar un producto del carrito y verificar que el carrito esta vacío",
              "timedOut": null,
              "duration": 1247,
              "state": "passed",
              "speed": "fast",
              "pass": true,
              "fail": false,
              "pending": false,
              "context": null,
              "code": "const productName = 'sauce-labs-backpack';\n// 1. Agrega el producto al carrito. Reutilizamos esta línea del caso de prueba anterior.\n_InventoryPage.default.addProductToCart(productName);\n// 2. Navega a la página del carrito.\n_InventoryPage.default.getShoppingCartLink().click();\n// 3. Eliminamos el producto del carrito\n_CartPage.default.removeItemFromCart(productName);\n// 4. Verificar que el producto ya no está en el carrito\n// usamos el comando \"should('not.exist')\" para asegurar que el elemento ya no existe en el DOM\n_InventoryPage.default.getShoppingCartBadge().should('not.exist');\n// 5. Verifica que el incono del carrito ya no tiene el badge de conteo\n// para esto usamos \"should('not.exist')\" en el elemento del conteo\n_CartPage.default.getCartItem().should('not.exist');",
              "err": {},
              "uuid": "fdeee57d-9878-40b0-a286-285101678d81",
              "parentUUID": "8e6bca24-eba4-4926-8c55-068ef867b334",
              "isHook": false,
              "skipped": false
            }
          ],
          "suites": [],
          "passes": [
            "df40d0b3-5f08-45de-a4be-6f5ceb5816e8",
            "fdeee57d-9878-40b0-a286-285101678d81"
          ],
          "failures": [],
          "pending": [],
          "skipped": [],
          "duration": 3127,
          "root": false,
          "rootEmpty": false,
          "_timeout": 2000
        }
      ],
      "passes": [],
      "failures": [],
      "pending": [],
      "skipped": [],
      "duration": 0,
      "root": true,
      "rootEmpty": true,
      "_timeout": 2000
    }
  ],
  "meta": {
    "mocha": {
      "version": "7.2.0"
    },
    "mochawesome": {
      "options": {
        "quiet": false,
        "reportFilename": "mochawesome",
        "saveHtml": true,
        "saveJson": true,
        "consoleReporter": "spec",
        "useInlineDiffs": false,
        "code": true
      },
      "version": "7.1.3"
    },
    "marge": {
      "options": {
        "reportDir": "cypress/results",
        "overwrite": false,
        "html": true,
        "json": true
      },
      "version": "6.2.0"
    }
  }
}