{
  "stats": {
    "suites": 1,
    "tests": 1,
    "passes": 0,
    "pending": 0,
    "failures": 1,
    "start": "2025-09-03T23:55:54.578Z",
    "end": "2025-09-03T23:56:03.081Z",
    "duration": 8503,
    "testsRegistered": 1,
    "passPercent": 0,
    "pendingPercent": 0,
    "other": 0,
    "hasOther": false,
    "skipped": 0,
    "hasSkipped": false
  },
  "results": [
    {
      "uuid": "b26de01e-7a3f-4741-9ebb-2c28c2f33a28",
      "title": "",
      "fullFile": "cypress/e2e/api-test.cy.js",
      "file": "cypress/e2e/api-test.cy.js",
      "beforeHooks": [],
      "afterHooks": [],
      "tests": [],
      "suites": [
        {
          "uuid": "a0c05248-a128-4a32-a6e1-3f55d47da835",
          "title": "Pruebas de API",
          "fullFile": "",
          "file": "",
          "beforeHooks": [],
          "afterHooks": [],
          "tests": [
            {
              "title": "Debería iniciar sesión usando API y verificar los productos",
              "fullTitle": "Pruebas de API Debería iniciar sesión usando API y verificar los productos",
              "timedOut": null,
              "duration": 6576,
              "state": "failed",
              "speed": null,
              "pass": false,
              "fail": true,
              "pending": false,
              "context": null,
              "code": "// 1. Usa el comando de login por API para saltarte la interfaz de usuario\ncy.apiLogin('standard_user');\n// 2. Verifica que la URL es la correcta y que un elemento de la página es visible\n_InventoryPage.default.getShoppingCartBadge().should('not.exist'); // No debería haber productos en el carrito\n// 3. Ahora que estás logueado, puedes continuar con cualquier otra prueba\n// Por ejemplo, agregar un producto al carrito\nconst productName = 'sauce-labs-backpack';\n_InventoryPage.default.addProductToCart(productName);\n_InventoryPage.default.getShoppingCartBadge().should('have.text', '1');",
              "err": {
                "message": "AssertionError: Timed out retrying after 4000ms: Expected to find element: `#add-to-cart-sauce-labs-backpack`, but never found it.",
                "estack": "AssertionError: Timed out retrying after 4000ms: Expected to find element: `#add-to-cart-sauce-labs-backpack`, but never found it.\n    at InventoryPage.addProductToCart (webpack://cypress-e-commerce/./cypress/pages/InventoryPage.js:19:46)\n    at Context.eval (webpack://cypress-e-commerce/./cypress/e2e/api-test.cy.js:16:18)",
                "diff": null
              },
              "uuid": "2305a791-5bba-4502-b2f8-00cd6802871b",
              "parentUUID": "a0c05248-a128-4a32-a6e1-3f55d47da835",
              "isHook": false,
              "skipped": false
            }
          ],
          "suites": [],
          "passes": [],
          "failures": [
            "2305a791-5bba-4502-b2f8-00cd6802871b"
          ],
          "pending": [],
          "skipped": [],
          "duration": 6576,
          "root": false,
          "rootEmpty": false,
          "_timeout": 2000
        }
      ],
      "passes": [],
      "failures": [],
      "pending": [],
      "skipped": [],
      "duration": 0,
      "root": true,
      "rootEmpty": true,
      "_timeout": 2000
    }
  ],
  "meta": {
    "mocha": {
      "version": "7.2.0"
    },
    "mochawesome": {
      "options": {
        "quiet": false,
        "reportFilename": "mochawesome",
        "saveHtml": true,
        "saveJson": true,
        "consoleReporter": "spec",
        "useInlineDiffs": false,
        "code": true
      },
      "version": "7.1.3"
    },
    "marge": {
      "options": {
        "reportDir": "cypress/results",
        "overwrite": false,
        "html": true,
        "json": true
      },
      "version": "6.2.0"
    }
  }
}