{
  "stats": {
    "suites": 1,
    "tests": 3,
    "passes": 3,
    "pending": 0,
    "failures": 0,
    "start": "2025-09-04T16:19:53.331Z",
    "end": "2025-09-04T16:19:59.259Z",
    "duration": 5928,
    "testsRegistered": 3,
    "passPercent": 100,
    "pendingPercent": 0,
    "other": 0,
    "hasOther": false,
    "skipped": 0,
    "hasSkipped": false
  },
  "results": [
    {
      "uuid": "48ebcc84-bafe-486d-9eaf-cf6642dea1f9",
      "title": "",
      "fullFile": "cypress/e2e/login.cy.js",
      "file": "cypress/e2e/login.cy.js",
      "beforeHooks": [],
      "afterHooks": [],
      "tests": [],
      "suites": [
        {
          "uuid": "8950ed7b-66ad-46ab-8a26-3252c0b8c768",
          "title": "Login en el sitio de e-commerce",
          "fullFile": "",
          "file": "",
          "beforeHooks": [],
          "afterHooks": [],
          "tests": [
            {
              "title": "Debería permitir a un usuario iniciar sesión exitosamente",
              "fullTitle": "Login en el sitio de e-commerce Debería permitir a un usuario iniciar sesión exitosamente",
              "timedOut": null,
              "duration": 1970,
              "state": "passed",
              "speed": "fast",
              "pass": true,
              "fail": false,
              "pending": false,
              "context": null,
              "code": "// 1. Visita la página de inicio de sesión\ncy.visit('https://www.saucedemo.com/');\n_LoginPage.default.login('standard_user', 'secret_sauce');\n// 4. Verifica que el inicio de sesión fue exitoso\n// La URL debe cambiar a la página de inventario\ncy.url().should('include', '/inventory.html');\n// También puedes verificar la presencia de un elemento en la nueva página\ncy.get('.shopping_cart_link').should('be.visible');",
              "err": {},
              "uuid": "70050e49-45af-4806-8540-cf10f0b45b60",
              "parentUUID": "8950ed7b-66ad-46ab-8a26-3252c0b8c768",
              "isHook": false,
              "skipped": false
            },
            {
              "title": "Debería mostrar un mensaje de error para un usuario bloqueado",
              "fullTitle": "Login en el sitio de e-commerce Debería mostrar un mensaje de error para un usuario bloqueado",
              "timedOut": null,
              "duration": 1073,
              "state": "passed",
              "speed": "fast",
              "pass": true,
              "fail": false,
              "pending": false,
              "context": null,
              "code": "cy.visit('https://www.saucedemo.com/');\n// Usamos el comando personalizado para intentar el login\n_LoginPage.default.login('locked_out_user', 'secret_sauce');\n// Verificamos que el mensaje de error es visible y contiene el texto correcto\n_LoginPage.default.getErrorMessage().should('be.visible').and('contain', 'Epic sadface: Sorry, this user has been locked out.');",
              "err": {},
              "uuid": "68cf4e32-25bd-4813-aa63-baa91c513d63",
              "parentUUID": "8950ed7b-66ad-46ab-8a26-3252c0b8c768",
              "isHook": false,
              "skipped": false
            },
            {
              "title": "Debería tener el aspecto visual correcto en la página de login",
              "fullTitle": "Login en el sitio de e-commerce Debería tener el aspecto visual correcto en la página de login",
              "timedOut": null,
              "duration": 966,
              "state": "passed",
              "speed": "fast",
              "pass": true,
              "fail": false,
              "pending": false,
              "context": null,
              "code": "cy.visit('https://www.saucedemo.com');\n// Espera a que el elemento del logo esté visible anste de tomar la captura\ncy.get('.login_logo').should('be.visible');\n// Se usa el comando nativo de cypress para tomar una captura de pantalla de la ventana\ncy.screenshot('pagina-login-visual');",
              "err": {},
              "uuid": "cf4f3735-e518-4af8-b25d-77e5e1a9fe3f",
              "parentUUID": "8950ed7b-66ad-46ab-8a26-3252c0b8c768",
              "isHook": false,
              "skipped": false
            }
          ],
          "suites": [],
          "passes": [
            "70050e49-45af-4806-8540-cf10f0b45b60",
            "68cf4e32-25bd-4813-aa63-baa91c513d63",
            "cf4f3735-e518-4af8-b25d-77e5e1a9fe3f"
          ],
          "failures": [],
          "pending": [],
          "skipped": [],
          "duration": 4009,
          "root": false,
          "rootEmpty": false,
          "_timeout": 2000
        }
      ],
      "passes": [],
      "failures": [],
      "pending": [],
      "skipped": [],
      "duration": 0,
      "root": true,
      "rootEmpty": true,
      "_timeout": 2000
    }
  ],
  "meta": {
    "mocha": {
      "version": "7.2.0"
    },
    "mochawesome": {
      "options": {
        "quiet": false,
        "reportFilename": "mochawesome",
        "saveHtml": true,
        "saveJson": true,
        "consoleReporter": "spec",
        "useInlineDiffs": false,
        "code": true
      },
      "version": "7.1.3"
    },
    "marge": {
      "options": {
        "reportDir": "cypress/results",
        "overwrite": false,
        "html": true,
        "json": true
      },
      "version": "6.2.0"
    }
  }
}