{
  "stats": {
    "suites": 1,
    "tests": 2,
    "passes": 2,
    "pending": 0,
    "failures": 0,
    "start": "2025-09-04T00:10:43.612Z",
    "end": "2025-09-04T00:10:48.210Z",
    "duration": 4598,
    "testsRegistered": 2,
    "passPercent": 100,
    "pendingPercent": 0,
    "other": 0,
    "hasOther": false,
    "skipped": 0,
    "hasSkipped": false
  },
  "results": [
    {
      "uuid": "1cc77d1f-dddf-4505-ad49-ee5925fd5f2b",
      "title": "",
      "fullFile": "cypress/e2e/login.cy.js",
      "file": "cypress/e2e/login.cy.js",
      "beforeHooks": [],
      "afterHooks": [],
      "tests": [],
      "suites": [
        {
          "uuid": "adc1aa11-6e6e-40ab-a7ef-99bdbabb5fe9",
          "title": "Login en el sitio de e-commerce",
          "fullFile": "",
          "file": "",
          "beforeHooks": [],
          "afterHooks": [],
          "tests": [
            {
              "title": "Debería permitir a un usuario iniciar sesión exitosamente",
              "fullTitle": "Login en el sitio de e-commerce Debería permitir a un usuario iniciar sesión exitosamente",
              "timedOut": null,
              "duration": 1722,
              "state": "passed",
              "speed": "fast",
              "pass": true,
              "fail": false,
              "pending": false,
              "context": null,
              "code": "// 1. Visita la página de inicio de sesión\ncy.visit('https://www.saucedemo.com/');\n_LoginPage.default.login('standard_user', 'secret_sauce');\n// 4. Verifica que el inicio de sesión fue exitoso\n// La URL debe cambiar a la página de inventario\ncy.url().should('include', '/inventory.html');\n// También puedes verificar la presencia de un elemento en la nueva página\ncy.get('.shopping_cart_link').should('be.visible');",
              "err": {},
              "uuid": "a5518564-0e2d-4b7a-bfb9-5044e1d5d245",
              "parentUUID": "adc1aa11-6e6e-40ab-a7ef-99bdbabb5fe9",
              "isHook": false,
              "skipped": false
            },
            {
              "title": "Debería mostrar un mensaje de error para un usuario bloqueado",
              "fullTitle": "Login en el sitio de e-commerce Debería mostrar un mensaje de error para un usuario bloqueado",
              "timedOut": null,
              "duration": 1035,
              "state": "passed",
              "speed": "fast",
              "pass": true,
              "fail": false,
              "pending": false,
              "context": null,
              "code": "cy.visit('https://www.saucedemo.com/');\n// Usamos el comando personalizado para intentar el login\n_LoginPage.default.login('locked_out_user', 'secret_sauce');\n// Verificamos que el mensaje de error es visible y contiene el texto correcto\n_LoginPage.default.getErrorMessage().should('be.visible').and('contain', 'Epic sadface: Sorry, this user has been locked out.');",
              "err": {},
              "uuid": "2e8ad79c-0521-4c36-b098-db4e2a5807b1",
              "parentUUID": "adc1aa11-6e6e-40ab-a7ef-99bdbabb5fe9",
              "isHook": false,
              "skipped": false
            }
          ],
          "suites": [],
          "passes": [
            "a5518564-0e2d-4b7a-bfb9-5044e1d5d245",
            "2e8ad79c-0521-4c36-b098-db4e2a5807b1"
          ],
          "failures": [],
          "pending": [],
          "skipped": [],
          "duration": 2757,
          "root": false,
          "rootEmpty": false,
          "_timeout": 2000
        }
      ],
      "passes": [],
      "failures": [],
      "pending": [],
      "skipped": [],
      "duration": 0,
      "root": true,
      "rootEmpty": true,
      "_timeout": 2000
    }
  ],
  "meta": {
    "mocha": {
      "version": "7.2.0"
    },
    "mochawesome": {
      "options": {
        "quiet": false,
        "reportFilename": "mochawesome",
        "saveHtml": true,
        "saveJson": true,
        "consoleReporter": "spec",
        "useInlineDiffs": false,
        "code": true
      },
      "version": "7.1.3"
    },
    "marge": {
      "options": {
        "reportDir": "cypress/results",
        "overwrite": false,
        "html": true,
        "json": true
      },
      "version": "6.2.0"
    }
  }
}