{
  "stats": {
    "suites": 1,
    "tests": 1,
    "passes": 0,
    "pending": 0,
    "failures": 1,
    "start": "2025-09-04T00:02:33.351Z",
    "end": "2025-09-04T00:02:41.919Z",
    "duration": 8568,
    "testsRegistered": 1,
    "passPercent": 0,
    "pendingPercent": 0,
    "other": 0,
    "hasOther": false,
    "skipped": 0,
    "hasSkipped": false
  },
  "results": [
    {
      "uuid": "61ea197f-8a16-4868-94f6-80e71222cbbb",
      "title": "",
      "fullFile": "cypress/e2e/api-test.cy.js",
      "file": "cypress/e2e/api-test.cy.js",
      "beforeHooks": [],
      "afterHooks": [],
      "tests": [],
      "suites": [
        {
          "uuid": "b452a45a-7f59-43dc-88ac-24f36ed2c357",
          "title": "Pruebas de API",
          "fullFile": "",
          "file": "",
          "beforeHooks": [],
          "afterHooks": [],
          "tests": [
            {
              "title": "Debería iniciar sesión usando API y verificar los productos",
              "fullTitle": "Pruebas de API Debería iniciar sesión usando API y verificar los productos",
              "timedOut": null,
              "duration": 6652,
              "state": "failed",
              "speed": null,
              "pass": false,
              "fail": true,
              "pending": false,
              "context": null,
              "code": "// 1. Usa el comando de login por API para saltarte la interfaz de usuario\ncy.apiLogin('standard_user');\n_InventoryPage.default.verifyPageLoaded();\n// 2. Verifica que la URL es la correcta y que un elemento de la página es visible\n_InventoryPage.default.getShoppingCartBadge().should('not.exist'); // No debería haber productos en el carrito\n// 3. Ahora que estás logueado, puedes continuar con cualquier otra prueba\n// Por ejemplo, agregar un producto al carrito\nconst productName = 'sauce-labs-backpack';\n_InventoryPage.default.addProductToCart(productName);\n_InventoryPage.default.getShoppingCartBadge().should('have.text', '1');",
              "err": {
                "message": "AssertionError: Timed out retrying after 4000ms: Expected to find element: `.shopping_cart_link`, but never found it.",
                "estack": "AssertionError: Timed out retrying after 4000ms: Expected to find element: `.shopping_cart_link`, but never found it.\n    at InventoryPage.verifyPageLoaded (webpack://cypress-e-commerce/./cypress/pages/InventoryPage.js:17:42)\n    at Context.eval (webpack://cypress-e-commerce/./cypress/e2e/api-test.cy.js:9:18)",
                "diff": null
              },
              "uuid": "f23d84e3-c3ca-42e3-b9b4-fc22645928a7",
              "parentUUID": "b452a45a-7f59-43dc-88ac-24f36ed2c357",
              "isHook": false,
              "skipped": false
            }
          ],
          "suites": [],
          "passes": [],
          "failures": [
            "f23d84e3-c3ca-42e3-b9b4-fc22645928a7"
          ],
          "pending": [],
          "skipped": [],
          "duration": 6652,
          "root": false,
          "rootEmpty": false,
          "_timeout": 2000
        }
      ],
      "passes": [],
      "failures": [],
      "pending": [],
      "skipped": [],
      "duration": 0,
      "root": true,
      "rootEmpty": true,
      "_timeout": 2000
    }
  ],
  "meta": {
    "mocha": {
      "version": "7.2.0"
    },
    "mochawesome": {
      "options": {
        "quiet": false,
        "reportFilename": "mochawesome",
        "saveHtml": true,
        "saveJson": true,
        "consoleReporter": "spec",
        "useInlineDiffs": false,
        "code": true
      },
      "version": "7.1.3"
    },
    "marge": {
      "options": {
        "reportDir": "cypress/results",
        "overwrite": false,
        "html": true,
        "json": true
      },
      "version": "6.2.0"
    }
  }
}