{
  "stats": {
    "suites": 1,
    "tests": 2,
    "passes": 2,
    "pending": 0,
    "failures": 0,
    "start": "2025-09-03T23:28:35.697Z",
    "end": "2025-09-03T23:28:40.003Z",
    "duration": 4306,
    "testsRegistered": 2,
    "passPercent": 100,
    "pendingPercent": 0,
    "other": 0,
    "hasOther": false,
    "skipped": 0,
    "hasSkipped": false
  },
  "results": [
    {
      "uuid": "fbac4a45-c0fa-4979-a7c2-719cb67fb624",
      "title": "",
      "fullFile": "cypress/e2e/login.cy.js",
      "file": "cypress/e2e/login.cy.js",
      "beforeHooks": [],
      "afterHooks": [],
      "tests": [],
      "suites": [
        {
          "uuid": "31f1d87f-2bc1-44d3-bd5c-59eb94c53e8b",
          "title": "Login en el sitio de e-commerce",
          "fullFile": "",
          "file": "",
          "beforeHooks": [],
          "afterHooks": [],
          "tests": [
            {
              "title": "Debería permitir a un usuario iniciar sesión exitosamente",
              "fullTitle": "Login en el sitio de e-commerce Debería permitir a un usuario iniciar sesión exitosamente",
              "timedOut": null,
              "duration": 1470,
              "state": "passed",
              "speed": "fast",
              "pass": true,
              "fail": false,
              "pending": false,
              "context": null,
              "code": "// 1. Visita la página de inicio de sesión\ncy.visit('https://www.saucedemo.com/');\n_LoginPage.default.login('standard_user', 'secret_sauce');\n// 4. Verifica que el inicio de sesión fue exitoso\n// La URL debe cambiar a la página de inventario\ncy.url().should('include', '/inventory.html');\n// También puedes verificar la presencia de un elemento en la nueva página\ncy.get('.shopping_cart_link').should('be.visible');",
              "err": {},
              "uuid": "8b8262b0-7668-4e21-a352-eae6918f091c",
              "parentUUID": "31f1d87f-2bc1-44d3-bd5c-59eb94c53e8b",
              "isHook": false,
              "skipped": false
            },
            {
              "title": "Debería mostrar un mensaje de error para un usuario bloqueado",
              "fullTitle": "Login en el sitio de e-commerce Debería mostrar un mensaje de error para un usuario bloqueado",
              "timedOut": null,
              "duration": 948,
              "state": "passed",
              "speed": "fast",
              "pass": true,
              "fail": false,
              "pending": false,
              "context": null,
              "code": "cy.visit('https://www.saucedemo.com/');\n// Usamos el comando personalizado para intentar el login\n_LoginPage.default.login('locked_out_user', 'secret_sauce');\n// Verificamos que el mensaje de error es visible y contiene el texto correcto\n_LoginPage.default.getErrorMessage().should('be.visible').and('contain', 'Epic sadface: Sorry, this user has been locked out.');",
              "err": {},
              "uuid": "2c4edf31-ba70-4c2b-addf-ff15e06a198b",
              "parentUUID": "31f1d87f-2bc1-44d3-bd5c-59eb94c53e8b",
              "isHook": false,
              "skipped": false
            }
          ],
          "suites": [],
          "passes": [
            "8b8262b0-7668-4e21-a352-eae6918f091c",
            "2c4edf31-ba70-4c2b-addf-ff15e06a198b"
          ],
          "failures": [],
          "pending": [],
          "skipped": [],
          "duration": 2418,
          "root": false,
          "rootEmpty": false,
          "_timeout": 2000
        }
      ],
      "passes": [],
      "failures": [],
      "pending": [],
      "skipped": [],
      "duration": 0,
      "root": true,
      "rootEmpty": true,
      "_timeout": 2000
    }
  ],
  "meta": {
    "mocha": {
      "version": "7.2.0"
    },
    "mochawesome": {
      "options": {
        "quiet": false,
        "reportFilename": "mochawesome",
        "saveHtml": true,
        "saveJson": true,
        "consoleReporter": "spec",
        "useInlineDiffs": false,
        "code": true
      },
      "version": "7.1.3"
    },
    "marge": {
      "options": {
        "reportDir": "cypress/results",
        "overwrite": false,
        "html": true,
        "json": true
      },
      "version": "6.2.0"
    }
  }
}